<?xml version="1.0" encoding="UTF-8"?>
<!-- Generated by org.testng.reporters.JUnitReportReporter -->
<testsuite hostname="TSPLMST08813" name="tec.AC40.Suite.DataVerificatonScenario2" tests="1" failures="0" timestamp="8 Oct 2015 06:36:15 GMT" time="0.291" errors="0">
  <testcase name="Dataverification" time="0.291" classname="tec.AC40.Suite.DataVerificatonScenario2"/>
</testsuite> <!-- tec.AC40.Suite.DataVerificatonScenario2 -->
