<?xml version="1.0" encoding="UTF-8"?>
<!-- Generated by org.testng.reporters.JUnitReportReporter -->
<testsuite hostname="DESKTOP-9EM3FDQ" name="tec.AC40.Groups.CreatGroup" tests="1" failures="0" timestamp="24 Apr 2018 15:02:25 GMT" time="47.434" errors="0">
  <testcase name="groups" time="47.434" classname="tec.AC40.Groups.CreatGroup"/>
</testsuite> <!-- tec.AC40.Groups.CreatGroup -->
