<?xml version="1.0" encoding="UTF-8"?>
<!-- Generated by org.testng.reporters.JUnitReportReporter -->
<testsuite hostname="DESKTOP-6MJTGIG" name="tec.AC40.Suite.HelloTest" tests="1" failures="0" timestamp="6 Dec 2018 07:20:36 GMT" time="0.941" errors="0">
  <testcase name="india" time="0.941" classname="tec.AC40.Suite.HelloTest"/>
</testsuite> <!-- tec.AC40.Suite.HelloTest -->
