<?xml version="1.0" encoding="UTF-8"?>
<!-- Generated by org.testng.reporters.JUnitReportReporter -->
<testsuite hostname="DESKTOP-6MJTGIG" name="tec.AC40.Suite.BasicTest" tests="1" failures="0" timestamp="11 Dec 2018 10:05:57 GMT" time="47.826" errors="0">
  <testcase name="heloWorld" time="47.826" classname="tec.AC40.Suite.BasicTest"/>
</testsuite> <!-- tec.AC40.Suite.BasicTest -->
