<?xml version="1.0" encoding="UTF-8"?>
<!-- Generated by org.testng.reporters.JUnitReportReporter -->
<testsuite hostname="SUBRAHMANYAMQA" name="tec.AC40.Suite.Test1" tests="1" failures="0" timestamp="10 Jan 2017 11:46:57 GMT" time="9.310" errors="0">
  <testcase name="sample" time="9.310" classname="tec.AC40.Suite.Test1"/>
</testsuite> <!-- tec.AC40.Suite.Test1 -->
