<?xml version="1.0" encoding="UTF-8"?>
<!-- Generated by org.testng.reporters.JUnitReportReporter -->
<testsuite hostname="TSPLMST08813" name="tec.AC40.Suite.OrderFlow1" tests="209" failures="0" timestamp="23 Jun 2016 05:38:57 GMT" time="785.105" errors="0">
  <testcase name="emPrice" time="0.000" classname="tec.AC40.Suite.OrderFlow1"/>
  <testcase name="emPrice" time="0.000" classname="tec.AC40.Suite.OrderFlow1"/>
  <testcase name="emPrice" time="0.000" classname="tec.AC40.Suite.OrderFlow1"/>
  <testcase name="emPrice" time="0.000" classname="tec.AC40.Suite.OrderFlow1"/>
  <testcase name="emPrice" time="0.000" classname="tec.AC40.Suite.OrderFlow1"/>
  <testcase name="emPrice" time="0.010" classname="tec.AC40.Suite.OrderFlow1"/>
  <testcase name="emPrice" time="0.000" classname="tec.AC40.Suite.OrderFlow1"/>
  <testcase name="emPrice" time="0.000" classname="tec.AC40.Suite.OrderFlow1"/>
  <testcase name="emPrice" time="0.000" classname="tec.AC40.Suite.OrderFlow1"/>
  <testcase name="emPrice" time="0.000" classname="tec.AC40.Suite.OrderFlow1"/>
  <testcase name="emPrice" time="0.000" classname="tec.AC40.Suite.OrderFlow1"/>
  <testcase name="emPrice" time="0.000" classname="tec.AC40.Suite.OrderFlow1"/>
  <testcase name="emPrice" time="0.010" classname="tec.AC40.Suite.OrderFlow1"/>
  <testcase name="emPrice" time="0.000" classname="tec.AC40.Suite.OrderFlow1"/>
  <testcase name="emPrice" time="0.000" classname="tec.AC40.Suite.OrderFlow1"/>
  <testcase name="emPrice" time="0.010" classname="tec.AC40.Suite.OrderFlow1"/>
  <testcase name="emPrice" time="0.000" classname="tec.AC40.Suite.OrderFlow1"/>
  <testcase name="emPrice" time="0.000" classname="tec.AC40.Suite.OrderFlow1"/>
  <testcase name="emPrice" time="0.000" classname="tec.AC40.Suite.OrderFlow1"/>
  <testcase name="emPrice" time="0.000" classname="tec.AC40.Suite.OrderFlow1"/>
  <testcase name="emPrice" time="0.000" classname="tec.AC40.Suite.OrderFlow1"/>
  <testcase name="emPrice" time="0.000" classname="tec.AC40.Suite.OrderFlow1"/>
  <testcase name="emPrice" time="0.000" classname="tec.AC40.Suite.OrderFlow1"/>
  <testcase name="emPrice" time="0.010" classname="tec.AC40.Suite.OrderFlow1"/>
  <testcase name="emPrice" time="0.000" classname="tec.AC40.Suite.OrderFlow1"/>
  <testcase name="emPrice" time="0.000" classname="tec.AC40.Suite.OrderFlow1"/>
  <testcase name="emPrice" time="0.000" classname="tec.AC40.Suite.OrderFlow1"/>
  <testcase name="emPrice" time="0.000" classname="tec.AC40.Suite.OrderFlow1"/>
  <testcase name="emPrice" time="0.000" classname="tec.AC40.Suite.OrderFlow1"/>
  <testcase name="emPrice" time="0.010" classname="tec.AC40.Suite.OrderFlow1"/>
  <testcase name="emPrice" time="0.000" classname="tec.AC40.Suite.OrderFlow1"/>
  <testcase name="emPrice" time="0.000" classname="tec.AC40.Suite.OrderFlow1"/>
  <testcase name="emPrice" time="0.000" classname="tec.AC40.Suite.OrderFlow1"/>
  <testcase name="emPrice" time="0.000" classname="tec.AC40.Suite.OrderFlow1"/>
  <testcase name="emPrice" time="0.000" classname="tec.AC40.Suite.OrderFlow1"/>
  <testcase name="emPrice" time="0.000" classname="tec.AC40.Suite.OrderFlow1"/>
  <testcase name="emPrice" time="0.000" classname="tec.AC40.Suite.OrderFlow1"/>
  <testcase name="emPrice" time="0.000" classname="tec.AC40.Suite.OrderFlow1"/>
  <testcase name="emPrice" time="0.000" classname="tec.AC40.Suite.OrderFlow1"/>
  <testcase name="emPrice" time="0.000" classname="tec.AC40.Suite.OrderFlow1"/>
  <testcase name="emPrice" time="0.000" classname="tec.AC40.Suite.OrderFlow1"/>
  <testcase name="emPrice" time="0.000" classname="tec.AC40.Suite.OrderFlow1"/>
  <testcase name="emPrice" time="0.000" classname="tec.AC40.Suite.OrderFlow1"/>
  <testcase name="emPrice" time="0.000" classname="tec.AC40.Suite.OrderFlow1"/>
  <testcase name="emPrice" time="0.000" classname="tec.AC40.Suite.OrderFlow1"/>
  <testcase name="emPrice" time="0.000" classname="tec.AC40.Suite.OrderFlow1"/>
  <testcase name="emPrice" time="0.000" classname="tec.AC40.Suite.OrderFlow1"/>
  <testcase name="emPrice" time="0.000" classname="tec.AC40.Suite.OrderFlow1"/>
  <testcase name="emPrice" time="0.000" classname="tec.AC40.Suite.OrderFlow1"/>
  <testcase name="emPrice" time="0.000" classname="tec.AC40.Suite.OrderFlow1"/>
  <testcase name="emPrice" time="0.000" classname="tec.AC40.Suite.OrderFlow1"/>
  <testcase name="emPrice" time="0.000" classname="tec.AC40.Suite.OrderFlow1"/>
  <testcase name="emPrice" time="0.000" classname="tec.AC40.Suite.OrderFlow1"/>
  <testcase name="emPrice" time="0.000" classname="tec.AC40.Suite.OrderFlow1"/>
  <testcase name="emPrice" time="0.000" classname="tec.AC40.Suite.OrderFlow1"/>
  <testcase name="emPrice" time="0.000" classname="tec.AC40.Suite.OrderFlow1"/>
  <testcase name="emPrice" time="0.010" classname="tec.AC40.Suite.OrderFlow1"/>
  <testcase name="emPrice" time="0.000" classname="tec.AC40.Suite.OrderFlow1"/>
  <testcase name="emPrice" time="0.000" classname="tec.AC40.Suite.OrderFlow1"/>
  <testcase name="emPrice" time="0.000" classname="tec.AC40.Suite.OrderFlow1"/>
  <testcase name="emPrice" time="0.000" classname="tec.AC40.Suite.OrderFlow1"/>
  <testcase name="emPrice" time="0.000" classname="tec.AC40.Suite.OrderFlow1"/>
  <testcase name="emPrice" time="0.000" classname="tec.AC40.Suite.OrderFlow1"/>
  <testcase name="emPrice" time="0.010" classname="tec.AC40.Suite.OrderFlow1"/>
  <testcase name="emPrice" time="0.000" classname="tec.AC40.Suite.OrderFlow1"/>
  <testcase name="emPrice" time="0.000" classname="tec.AC40.Suite.OrderFlow1"/>
  <testcase name="emPrice" time="0.000" classname="tec.AC40.Suite.OrderFlow1"/>
  <testcase name="emPrice" time="0.000" classname="tec.AC40.Suite.OrderFlow1"/>
  <testcase name="emPrice" time="0.000" classname="tec.AC40.Suite.OrderFlow1"/>
  <testcase name="emPrice" time="0.000" classname="tec.AC40.Suite.OrderFlow1"/>
  <testcase name="emPrice" time="0.000" classname="tec.AC40.Suite.OrderFlow1"/>
  <testcase name="emPrice" time="0.000" classname="tec.AC40.Suite.OrderFlow1"/>
  <testcase name="emPrice" time="0.000" classname="tec.AC40.Suite.OrderFlow1"/>
  <testcase name="emPrice" time="0.000" classname="tec.AC40.Suite.OrderFlow1"/>
  <testcase name="emPrice" time="0.000" classname="tec.AC40.Suite.OrderFlow1"/>
  <testcase name="emPrice" time="0.000" classname="tec.AC40.Suite.OrderFlow1"/>
  <testcase name="emPrice" time="0.000" classname="tec.AC40.Suite.OrderFlow1"/>
  <testcase name="emPrice" time="0.010" classname="tec.AC40.Suite.OrderFlow1"/>
  <testcase name="emPrice" time="0.000" classname="tec.AC40.Suite.OrderFlow1"/>
  <testcase name="emPrice" time="0.000" classname="tec.AC40.Suite.OrderFlow1"/>
  <testcase name="emPrice" time="0.000" classname="tec.AC40.Suite.OrderFlow1"/>
  <testcase name="emPrice" time="0.000" classname="tec.AC40.Suite.OrderFlow1"/>
  <testcase name="emPrice" time="0.000" classname="tec.AC40.Suite.OrderFlow1"/>
  <testcase name="emPrice" time="0.000" classname="tec.AC40.Suite.OrderFlow1"/>
  <testcase name="emPrice" time="0.010" classname="tec.AC40.Suite.OrderFlow1"/>
  <testcase name="emPrice" time="0.000" classname="tec.AC40.Suite.OrderFlow1"/>
  <testcase name="emPrice" time="0.000" classname="tec.AC40.Suite.OrderFlow1"/>
  <testcase name="emPrice" time="0.000" classname="tec.AC40.Suite.OrderFlow1"/>
  <testcase name="emPrice" time="0.000" classname="tec.AC40.Suite.OrderFlow1"/>
  <testcase name="emPrice" time="0.000" classname="tec.AC40.Suite.OrderFlow1"/>
  <testcase name="emPrice" time="0.000" classname="tec.AC40.Suite.OrderFlow1"/>
  <testcase name="emPrice" time="0.000" classname="tec.AC40.Suite.OrderFlow1"/>
  <testcase name="emPrice" time="0.000" classname="tec.AC40.Suite.OrderFlow1"/>
  <testcase name="emPrice" time="0.000" classname="tec.AC40.Suite.OrderFlow1"/>
  <testcase name="emPrice" time="0.000" classname="tec.AC40.Suite.OrderFlow1"/>
  <testcase name="emPrice" time="0.000" classname="tec.AC40.Suite.OrderFlow1"/>
  <testcase name="emPrice" time="0.000" classname="tec.AC40.Suite.OrderFlow1"/>
  <testcase name="emPrice" time="0.000" classname="tec.AC40.Suite.OrderFlow1"/>
  <testcase name="emPrice" time="0.000" classname="tec.AC40.Suite.OrderFlow1"/>
  <testcase name="emPrice" time="0.000" classname="tec.AC40.Suite.OrderFlow1"/>
  <testcase name="emPrice" time="0.000" classname="tec.AC40.Suite.OrderFlow1"/>
  <testcase name="emPrice" time="0.000" classname="tec.AC40.Suite.OrderFlow1"/>
  <testcase name="emPrice" time="0.000" classname="tec.AC40.Suite.OrderFlow1"/>
  <testcase name="emPrice" time="0.000" classname="tec.AC40.Suite.OrderFlow1"/>
  <testcase name="emPrice" time="0.010" classname="tec.AC40.Suite.OrderFlow1"/>
  <testcase name="emPrice" time="0.000" classname="tec.AC40.Suite.OrderFlow1"/>
  <testcase name="emPrice" time="784.875" classname="tec.AC40.Suite.OrderFlow1"/>
  <testcase name="emPrice" time="0.000" classname="tec.AC40.Suite.OrderFlow1"/>
  <testcase name="emPrice" time="0.000" classname="tec.AC40.Suite.OrderFlow1"/>
  <testcase name="emPrice" time="0.000" classname="tec.AC40.Suite.OrderFlow1"/>
  <testcase name="emPrice" time="0.000" classname="tec.AC40.Suite.OrderFlow1"/>
  <testcase name="emPrice" time="0.000" classname="tec.AC40.Suite.OrderFlow1"/>
  <testcase name="emPrice" time="0.000" classname="tec.AC40.Suite.OrderFlow1"/>
  <testcase name="emPrice" time="0.000" classname="tec.AC40.Suite.OrderFlow1"/>
  <testcase name="emPrice" time="0.000" classname="tec.AC40.Suite.OrderFlow1"/>
  <testcase name="emPrice" time="0.000" classname="tec.AC40.Suite.OrderFlow1"/>
  <testcase name="emPrice" time="0.000" classname="tec.AC40.Suite.OrderFlow1"/>
  <testcase name="emPrice" time="0.010" classname="tec.AC40.Suite.OrderFlow1"/>
  <testcase name="emPrice" time="0.000" classname="tec.AC40.Suite.OrderFlow1"/>
  <testcase name="emPrice" time="0.000" classname="tec.AC40.Suite.OrderFlow1"/>
  <testcase name="emPrice" time="0.010" classname="tec.AC40.Suite.OrderFlow1"/>
  <testcase name="emPrice" time="0.000" classname="tec.AC40.Suite.OrderFlow1"/>
  <testcase name="emPrice" time="0.000" classname="tec.AC40.Suite.OrderFlow1"/>
  <testcase name="emPrice" time="0.000" classname="tec.AC40.Suite.OrderFlow1"/>
  <testcase name="emPrice" time="0.000" classname="tec.AC40.Suite.OrderFlow1"/>
  <testcase name="emPrice" time="0.000" classname="tec.AC40.Suite.OrderFlow1"/>
  <testcase name="emPrice" time="0.000" classname="tec.AC40.Suite.OrderFlow1"/>
  <testcase name="emPrice" time="0.000" classname="tec.AC40.Suite.OrderFlow1"/>
  <testcase name="emPrice" time="0.010" classname="tec.AC40.Suite.OrderFlow1"/>
  <testcase name="emPrice" time="0.000" classname="tec.AC40.Suite.OrderFlow1"/>
  <testcase name="emPrice" time="0.000" classname="tec.AC40.Suite.OrderFlow1"/>
  <testcase name="emPrice" time="0.000" classname="tec.AC40.Suite.OrderFlow1"/>
  <testcase name="emPrice" time="0.000" classname="tec.AC40.Suite.OrderFlow1"/>
  <testcase name="emPrice" time="0.000" classname="tec.AC40.Suite.OrderFlow1"/>
  <testcase name="emPrice" time="0.000" classname="tec.AC40.Suite.OrderFlow1"/>
  <testcase name="emPrice" time="0.000" classname="tec.AC40.Suite.OrderFlow1"/>
  <testcase name="emPrice" time="0.000" classname="tec.AC40.Suite.OrderFlow1"/>
  <testcase name="emPrice" time="0.000" classname="tec.AC40.Suite.OrderFlow1"/>
  <testcase name="emPrice" time="0.000" classname="tec.AC40.Suite.OrderFlow1"/>
  <testcase name="emPrice" time="0.000" classname="tec.AC40.Suite.OrderFlow1"/>
  <testcase name="emPrice" time="0.000" classname="tec.AC40.Suite.OrderFlow1"/>
  <testcase name="emPrice" time="0.000" classname="tec.AC40.Suite.OrderFlow1"/>
  <testcase name="emPrice" time="0.000" classname="tec.AC40.Suite.OrderFlow1"/>
  <testcase name="emPrice" time="0.000" classname="tec.AC40.Suite.OrderFlow1"/>
  <testcase name="emPrice" time="0.000" classname="tec.AC40.Suite.OrderFlow1"/>
  <testcase name="emPrice" time="0.000" classname="tec.AC40.Suite.OrderFlow1"/>
  <testcase name="emPrice" time="0.010" classname="tec.AC40.Suite.OrderFlow1"/>
  <testcase name="emPrice" time="0.000" classname="tec.AC40.Suite.OrderFlow1"/>
  <testcase name="emPrice" time="0.000" classname="tec.AC40.Suite.OrderFlow1"/>
  <testcase name="emPrice" time="0.000" classname="tec.AC40.Suite.OrderFlow1"/>
  <testcase name="emPrice" time="0.000" classname="tec.AC40.Suite.OrderFlow1"/>
  <testcase name="emPrice" time="0.010" classname="tec.AC40.Suite.OrderFlow1"/>
  <testcase name="emPrice" time="0.000" classname="tec.AC40.Suite.OrderFlow1"/>
  <testcase name="emPrice" time="0.000" classname="tec.AC40.Suite.OrderFlow1"/>
  <testcase name="emPrice" time="0.000" classname="tec.AC40.Suite.OrderFlow1"/>
  <testcase name="emPrice" time="0.000" classname="tec.AC40.Suite.OrderFlow1"/>
  <testcase name="emPrice" time="0.010" classname="tec.AC40.Suite.OrderFlow1"/>
  <testcase name="emPrice" time="0.000" classname="tec.AC40.Suite.OrderFlow1"/>
  <testcase name="emPrice" time="0.000" classname="tec.AC40.Suite.OrderFlow1"/>
  <testcase name="emPrice" time="0.000" classname="tec.AC40.Suite.OrderFlow1"/>
  <testcase name="emPrice" time="0.000" classname="tec.AC40.Suite.OrderFlow1"/>
  <testcase name="emPrice" time="0.000" classname="tec.AC40.Suite.OrderFlow1"/>
  <testcase name="emPrice" time="0.000" classname="tec.AC40.Suite.OrderFlow1"/>
  <testcase name="emPrice" time="0.000" classname="tec.AC40.Suite.OrderFlow1"/>
  <testcase name="emPrice" time="0.000" classname="tec.AC40.Suite.OrderFlow1"/>
  <testcase name="emPrice" time="0.010" classname="tec.AC40.Suite.OrderFlow1"/>
  <testcase name="emPrice" time="0.000" classname="tec.AC40.Suite.OrderFlow1"/>
  <testcase name="emPrice" time="0.000" classname="tec.AC40.Suite.OrderFlow1"/>
  <testcase name="emPrice" time="0.000" classname="tec.AC40.Suite.OrderFlow1"/>
  <testcase name="emPrice" time="0.010" classname="tec.AC40.Suite.OrderFlow1"/>
  <testcase name="emPrice" time="0.000" classname="tec.AC40.Suite.OrderFlow1"/>
  <testcase name="emPrice" time="0.000" classname="tec.AC40.Suite.OrderFlow1"/>
  <testcase name="emPrice" time="0.000" classname="tec.AC40.Suite.OrderFlow1"/>
  <testcase name="emPrice" time="0.000" classname="tec.AC40.Suite.OrderFlow1"/>
  <testcase name="emPrice" time="0.010" classname="tec.AC40.Suite.OrderFlow1"/>
  <testcase name="emPrice" time="0.010" classname="tec.AC40.Suite.OrderFlow1"/>
  <testcase name="emPrice" time="0.000" classname="tec.AC40.Suite.OrderFlow1"/>
  <testcase name="emPrice" time="0.000" classname="tec.AC40.Suite.OrderFlow1"/>
  <testcase name="emPrice" time="0.000" classname="tec.AC40.Suite.OrderFlow1"/>
  <testcase name="emPrice" time="0.000" classname="tec.AC40.Suite.OrderFlow1"/>
  <testcase name="emPrice" time="0.000" classname="tec.AC40.Suite.OrderFlow1"/>
  <testcase name="emPrice" time="0.000" classname="tec.AC40.Suite.OrderFlow1"/>
  <testcase name="emPrice" time="0.000" classname="tec.AC40.Suite.OrderFlow1"/>
  <testcase name="emPrice" time="0.010" classname="tec.AC40.Suite.OrderFlow1"/>
  <testcase name="emPrice" time="0.000" classname="tec.AC40.Suite.OrderFlow1"/>
  <testcase name="emPrice" time="0.000" classname="tec.AC40.Suite.OrderFlow1"/>
  <testcase name="emPrice" time="0.000" classname="tec.AC40.Suite.OrderFlow1"/>
  <testcase name="emPrice" time="0.000" classname="tec.AC40.Suite.OrderFlow1"/>
  <testcase name="emPrice" time="0.000" classname="tec.AC40.Suite.OrderFlow1"/>
  <testcase name="emPrice" time="0.000" classname="tec.AC40.Suite.OrderFlow1"/>
  <testcase name="emPrice" time="0.000" classname="tec.AC40.Suite.OrderFlow1"/>
  <testcase name="emPrice" time="0.000" classname="tec.AC40.Suite.OrderFlow1"/>
  <testcase name="emPrice" time="0.000" classname="tec.AC40.Suite.OrderFlow1"/>
  <testcase name="emPrice" time="0.000" classname="tec.AC40.Suite.OrderFlow1"/>
  <testcase name="emPrice" time="0.000" classname="tec.AC40.Suite.OrderFlow1"/>
  <testcase name="emPrice" time="0.000" classname="tec.AC40.Suite.OrderFlow1"/>
  <testcase name="emPrice" time="0.000" classname="tec.AC40.Suite.OrderFlow1"/>
  <testcase name="emPrice" time="0.000" classname="tec.AC40.Suite.OrderFlow1"/>
  <testcase name="emPrice" time="0.000" classname="tec.AC40.Suite.OrderFlow1"/>
  <testcase name="emPrice" time="0.000" classname="tec.AC40.Suite.OrderFlow1"/>
  <testcase name="emPrice" time="0.000" classname="tec.AC40.Suite.OrderFlow1"/>
  <testcase name="emPrice" time="0.000" classname="tec.AC40.Suite.OrderFlow1"/>
  <testcase name="emPrice" time="0.000" classname="tec.AC40.Suite.OrderFlow1"/>
  <testcase name="emPrice" time="0.010" classname="tec.AC40.Suite.OrderFlow1"/>
  <testcase name="emPrice" time="0.000" classname="tec.AC40.Suite.OrderFlow1"/>
  <testcase name="emPrice" time="0.000" classname="tec.AC40.Suite.OrderFlow1"/>
  <testcase name="emPrice" time="0.000" classname="tec.AC40.Suite.OrderFlow1"/>
  <testcase name="emPrice" time="0.010" classname="tec.AC40.Suite.OrderFlow1"/>
  <testcase name="emPrice" time="0.000" classname="tec.AC40.Suite.OrderFlow1"/>
</testsuite> <!-- tec.AC40.Suite.OrderFlow1 -->
