<?xml version="1.0" encoding="UTF-8"?>
<!-- Generated by org.testng.reporters.JUnitReportReporter -->
<testsuite hostname="DESKTOP-6MJTGIG" name="tec.AC40.Suite.T1" tests="1" failures="0" timestamp="14 Dec 2018 13:12:59 GMT" time="25.604" errors="0">
  <testcase name="test1" time="25.604" classname="tec.AC40.Suite.T1"/>
</testsuite> <!-- tec.AC40.Suite.T1 -->
