<?xml version="1.0" encoding="UTF-8"?>
<!-- Generated by org.testng.reporters.JUnitReportReporter -->
<testsuite hostname="DESKTOP-6MJTGIG" name="tec.AC40.Suite.T3" tests="1" failures="0" timestamp="3 Jan 2019 13:10:45 GMT" time="22.696" errors="0">
  <testcase name="test1" time="22.696" classname="tec.AC40.Suite.T3"/>
</testsuite> <!-- tec.AC40.Suite.T3 -->
