<?xml version="1.0" encoding="UTF-8"?>
<!-- Generated by org.testng.reporters.JUnitReportReporter -->
<testsuite hostname="TSPLMST08813" name="tec.AC40.Suite.Sample" tests="1" failures="0" timestamp="10 Aug 2015 09:08:22 GMT" time="41.005" errors="0">
  <testcase name="stop" time="41.005" classname="tec.AC40.Suite.Sample"/>
</testsuite> <!-- tec.AC40.Suite.Sample -->
