<?xml version="1.0" encoding="UTF-8"?>
<!-- Generated by org.testng.reporters.JUnitReportReporter -->
<testsuite hostname="DESKTOP-6MJTGIG" name="tec.AC40.Suite.LandingPage_PreConditions" tests="1" failures="0" timestamp="19 Sep 2018 08:41:06 GMT" time="161.315" errors="0">
  <testcase name="AccuLandingPrice" time="161.315" classname="tec.AC40.Suite.LandingPage_PreConditions"/>
</testsuite> <!-- tec.AC40.Suite.LandingPage_PreConditions -->
