<?xml version="1.0" encoding="UTF-8"?>
<!-- Generated by org.testng.reporters.JUnitReportReporter -->
<testsuite skipped="0" hostname="RAMPRASAD-QA" name="mProject.maven.AppTest" tests="1" failures="0" timestamp="24 May 2019 10:23:17 GMT" time="0.007" errors="0">
  <testcase name="testApp" time="0.007" classname="mProject.maven.AppTest"/>
</testsuite> <!-- mProject.maven.AppTest -->
