<?xml version="1.0" encoding="UTF-8"?>
<!-- Generated by org.testng.reporters.JUnitReportReporter -->
<testsuite hostname="RAMPRASAD-QA" name="test.selenium.robot" tests="1" failures="0" timestamp="22 Mar 2019 09:44:45 GMT" time="37.707" errors="0">
  <testcase name="execution" time="37.707" classname="test.selenium.robot"/>
</testsuite> <!-- test.selenium.robot -->
