<?xml version="1.0" encoding="UTF-8"?>
<!-- Generated by org.testng.reporters.JUnitReportReporter -->
<testsuite hostname="RAMPRASAD-QA" name="test.selenium.DataproviderExcel1" tests="4" failures="0" timestamp="4 Apr 2019 12:51:11 GMT" time="53.197" errors="0">
  <testcase name="VerifyInvalidLogin" time="13.545" classname="test.selenium.DataproviderExcel1"/>
  <testcase name="VerifyInvalidLogin" time="13.292" classname="test.selenium.DataproviderExcel1"/>
  <testcase name="VerifyInvalidLogin" time="13.096" classname="test.selenium.DataproviderExcel1"/>
  <testcase name="VerifyInvalidLogin" time="13.264" classname="test.selenium.DataproviderExcel1"/>
</testsuite> <!-- test.selenium.DataproviderExcel1 -->
