<?xml version="1.0" encoding="UTF-8"?>
<!-- Generated by org.testng.reporters.JUnitReportReporter -->
<testsuite hostname="RAMPRASAD-QA" name="test.selenium.Tng" tests="4" failures="0" timestamp="30 Jul 2019 04:43:10 GMT" time="0.018" errors="0">
  <testcase name="testCase1" time="0.000" classname="test.selenium.Tng"/>
  <testcase name="testCase2" time="0.005" classname="test.selenium.Tng"/>
  <testcase name="test1" time="0.009" classname="test.selenium.Tng"/>
  <testcase name="dependentMethod" time="0.004" classname="test.selenium.Tng"/>
</testsuite> <!-- test.selenium.Tng -->
