<?xml version="1.0" encoding="UTF-8"?>
<!-- Generated by org.testng.reporters.JUnitReportReporter -->
<testsuite hostname="RAMPRASAD-QA" name="test.selenium.DpTest" tests="2" failures="0" timestamp="1 Feb 2019 10:35:58 GMT" time="0.019" errors="0">
  <testcase name="loginTest" time="0.004" classname="test.selenium.DpTest"/>
  <testcase name="loginTest" time="0.015" classname="test.selenium.DpTest"/>
</testsuite> <!-- test.selenium.DpTest -->
