<?xml version="1.0" encoding="UTF-8"?>
<!-- Generated by org.testng.reporters.JUnitReportReporter -->
<testsuite hostname="RAMPRASAD-QA" name="test.selenium.screenshot" tests="1" failures="0" timestamp="15 Mar 2019 08:05:46 GMT" time="18.399" errors="0">
  <testcase name="openBrowser" time="18.399" classname="test.selenium.screenshot"/>
</testsuite> <!-- test.selenium.screenshot -->
