<?xml version="1.0" encoding="UTF-8"?>
<!-- Generated by org.testng.reporters.JUnitReportReporter -->
<testsuite hostname="VARUN-QA" name="com.test.suite.Fund_Submit_Test_01" tests="1" failures="0" timestamp="30 Mar 2020 07:49:44 GMT" time="362.653" errors="0">
  <testcase name="fund_setup" time="362.653" classname="com.test.suite.Fund_Submit_Test_01"/>
</testsuite> <!-- com.test.suite.Fund_Submit_Test_01 -->
