<?xml version="1.0" encoding="UTF-8"?>
<!-- Generated by org.testng.reporters.JUnitReportReporter -->
<testsuite hostname="DESKTOP-6MJTGIG" name="com.test.suite.Approval_WorkFlow_Test" tests="1" failures="0" timestamp="17 Feb 2020 08:02:17 GMT" time="160.881" errors="0">
  <testcase name="fund_setup" time="160.881" classname="com.test.suite.Approval_WorkFlow_Test"/>
</testsuite> <!-- com.test.suite.Approval_WorkFlow_Test -->
