<?xml version="1.0" encoding="UTF-8"?>
<!-- Generated by org.testng.reporters.JUnitReportReporter -->
<testsuite hostname="DESKTOP-6MJTGIG" name="smokeTestPack.TestNG_demo" tests="3" failures="0" timestamp="2 Mar 2020 05:25:42 GMT" time="0.022" errors="0">
  <testcase name="f11" time="0.001" classname="smokeTestPack.TestNG_demo"/>
  <testcase name="f" time="0.017" classname="smokeTestPack.TestNG_demo"/>
  <testcase name="f1" time="0.004" classname="smokeTestPack.TestNG_demo"/>
</testsuite> <!-- smokeTestPack.TestNG_demo -->
