<?xml version="1.0" encoding="UTF-8"?>
<!-- Generated by org.testng.reporters.JUnitReportReporter -->
<testsuite hostname="DESKTOP-6MJTGIG" name="com.test.suite.Fund_Submit_Test" tests="1" failures="0" timestamp="17 Feb 2020 07:58:35 GMT" time="148.080" errors="0">
  <testcase name="fund_setup" time="148.080" classname="com.test.suite.Fund_Submit_Test"/>
</testsuite> <!-- com.test.suite.Fund_Submit_Test -->
