<?xml version="1.0" encoding="UTF-8"?>
<!-- Generated by org.testng.reporters.JUnitReportReporter -->
<testsuite hostname="VARUN-QA" name="com.test.suite.Login_Test" tests="1" failures="0" timestamp="30 Mar 2020 07:35:28 GMT" time="63.116" errors="0">
  <testcase name="Login" time="63.116" classname="com.test.suite.Login_Test"/>
</testsuite> <!-- com.test.suite.Login_Test -->
