<?xml version="1.0" encoding="UTF-8"?>
<!-- Generated by org.testng.reporters.JUnitReportReporter -->
<testsuite hostname="DESKTOP-6MJTGIG" name="com.test.suite.DB_Update_Test" tests="1" failures="0" timestamp="24 Feb 2020 10:08:58 GMT" time="0.851" errors="0">
  <testcase name="name" time="0.851" classname="com.test.suite.DB_Update_Test"/>
</testsuite> <!-- com.test.suite.DB_Update_Test -->
