<?xml version="1.0" encoding="UTF-8"?>
<!-- Generated by org.testng.reporters.JUnitReportReporter -->
<testsuite hostname="DESKTOP-6MJTGIG" name="com.test.suite.PA_Submission_Test_04" tests="1" failures="0" timestamp="27 Feb 2020 11:03:31 GMT" time="122.324" errors="0">
  <testcase name="Login" time="122.324" classname="com.test.suite.PA_Submission_Test_04"/>
</testsuite> <!-- com.test.suite.PA_Submission_Test_04 -->
