<?xml version="1.0" encoding="UTF-8"?>
<!-- Generated by org.testng.reporters.JUnitReportReporter -->
<testsuite hostname="DESKTOP-6MJTGIG" name="com.test.database.TestDate" tests="1" failures="0" timestamp="17 Mar 2020 10:12:16 GMT" time="2.138" errors="0">
  <testcase name="init_browser" time="2.138" classname="com.test.database.TestDate"/>
</testsuite> <!-- com.test.database.TestDate -->
