<?xml version="1.0" encoding="UTF-8"?>
<!-- Generated by org.testng.reporters.JUnitReportReporter -->
<testsuite hostname="VARUN-QA" name="smokeTestPack.smokeTest" tests="1" failures="0" timestamp="31 Mar 2020 13:01:44 GMT" time="778.393" errors="0">
  <testcase name="fund_setup" time="778.393" classname="smokeTestPack.smokeTest"/>
</testsuite> <!-- smokeTestPack.smokeTest -->
