<?xml version="1.0" encoding="UTF-8"?>
<!-- Generated by org.testng.reporters.JUnitReportReporter -->
<testsuite hostname="DESKTOP-6MJTGIG" name="com.test.suite.Fund_Allocation_Test" tests="1" failures="0" timestamp="19 Feb 2020 06:22:03 GMT" time="66.206" errors="0">
  <testcase name="fund_setup" time="66.206" classname="com.test.suite.Fund_Allocation_Test"/>
</testsuite> <!-- com.test.suite.Fund_Allocation_Test -->
